This is pdfTeX, Version 3.1415926-2.4-1.40.13 (TeX Live 2012/Debian) (format=pdflatex 2013.6.17)  8 MAR 2014 16:27
entering extended mode
 restricted \write18 enabled.
 %&-line parsing enabled.
**apra2014.tex
(./apra2014.tex
LaTeX2e <2003/12/01>
Babel <v3.8d> and hyphenation patterns for english, dumylang, nohyphenation, lo
aded.
(./spie.cls
Document Class: spie 2003/07/16 v2.80 SPIE Proceedings class
(/usr/local/share/texmf/tex/latex/base/article.cls
Document Class: article 2004/02/16 v1.4f Standard LaTeX document class
(/usr/local/share/texmf/tex/latex/base/size11.clo
File: size11.clo 2004/02/16 v1.4f Standard LaTeX file (size option)
)
\c@part=\count79
\c@section=\count80
\c@subsection=\count81
\c@subsubsection=\count82
\c@paragraph=\count83
\c@subparagraph=\count84
\c@figure=\count85
\c@table=\count86
\abovecaptionskip=\skip41
\belowcaptionskip=\skip42
\bibindent=\dimen102
)
eleven-point font
\c@theorem=\count87
\@tempcntc=\count88
\@minsofar=\count89
\@min=\count90
\@cite@temp=\count91
) (/usr/local/share/texmf/tex/latex/natbib/natbib.sty
Package: natbib 2003/06/06 7.1 (PWD)
\bibhang=\skip43
\bibsep=\skip44
LaTeX Info: Redefining \cite on input line 518.
\c@NAT@ctr=\count92
)
(/usr/local/share/texmf/tex/latex/graphics/epsfig.sty
Package: epsfig 1999/02/16 v1.7a (e)psfig emulation (SPQR)

(/usr/local/share/texmf/tex/latex/graphics/graphicx.sty
Package: graphicx 1999/02/16 v1.0f Enhanced LaTeX Graphics (DPC,SPQR)

(/usr/local/share/texmf/tex/latex/graphics/keyval.sty
Package: keyval 1999/03/16 v1.13 key=value parser (DPC)
\KV@toks@=\toks14
)
(/usr/local/share/texmf/tex/latex/graphics/graphics.sty
Package: graphics 2001/07/07 v1.0n Standard LaTeX Graphics (DPC,SPQR)

(/usr/local/share/texmf/tex/latex/graphics/trig.sty
Package: trig 1999/03/16 v1.09 sin cos tan (DPC)
)
(/usr/local/share/texmf/tex/latex/graphics/graphics.cfg
File: graphics.cfg 2005/02/03 v1.3 graphics configuration of teTeX/TeXLive
)
Package graphics Info: Driver file: pdftex.def on input line 80.

(/usr/local/share/texmf/tex/latex/graphics/pdftex.def
File: pdftex.def 2002/06/19 v0.03k graphics/color for pdftex
\Gread@gobject=\count93
))
\Gin@req@height=\dimen103
\Gin@req@width=\dimen104
)
\epsfxsize=\dimen105
\epsfysize=\dimen106
)
(/usr/share/texmf/tex/latex/pgf/basiclayer/pgf.sty
(/usr/share/texmf/tex/latex/pgf/utilities/pgfrcs.sty
(/usr/share/texmf/tex/generic/pgf/utilities/pgfutil-common.tex
\pgfutil@everybye=\toks15
)
(/usr/share/texmf/tex/generic/pgf/utilities/pgfutil-latex.def
\pgfutil@abb=\box26

(/usr/local/share/texmf/tex/latex/ms/everyshi.sty
Package: everyshi 2001/05/15 v3.00 EveryShipout Package (MS)
))
(/usr/share/texmf/tex/generic/pgf/utilities/pgfrcs.code.tex
Package: pgfrcs 2010/10/25 v2.10 (rcs-revision 1.24)
))
Package: pgf 2008/01/15 v2.10 (rcs-revision 1.12)

(/usr/share/texmf/tex/latex/pgf/basiclayer/pgfcore.sty
(/usr/share/texmf/tex/latex/pgf/systemlayer/pgfsys.sty
(/usr/share/texmf/tex/generic/pgf/systemlayer/pgfsys.code.tex
Package: pgfsys 2010/06/30 v2.10 (rcs-revision 1.37)

(/usr/share/texmf/tex/generic/pgf/utilities/pgfkeys.code.tex
\pgfkeys@pathtoks=\toks16
\pgfkeys@temptoks=\toks17

(/usr/share/texmf/tex/generic/pgf/utilities/pgfkeysfiltered.code.tex
\pgfkeys@tmptoks=\toks18
))
\pgf@x=\dimen107
\pgf@y=\dimen108
\pgf@xa=\dimen109
\pgf@ya=\dimen110
\pgf@xb=\dimen111
\pgf@yb=\dimen112
\pgf@xc=\dimen113
\pgf@yc=\dimen114
\w@pgf@writea=\write3
\r@pgf@reada=\read1
\c@pgf@counta=\count94
\c@pgf@countb=\count95
\c@pgf@countc=\count96
\c@pgf@countd=\count97

(/usr/share/texmf/tex/generic/pgf/systemlayer/pgf.cfg
File: pgf.cfg 2008/05/14  (rcs-revision 1.7)
)
Package pgfsys Info: Driver file for pgf: pgfsys-pdftex.def on input line 900.

(/usr/share/texmf/tex/generic/pgf/systemlayer/pgfsys-pdftex.def
File: pgfsys-pdftex.def 2009/05/22  (rcs-revision 1.26)

(/usr/share/texmf/tex/generic/pgf/systemlayer/pgfsys-common-pdf.def
File: pgfsys-common-pdf.def 2008/05/19  (rcs-revision 1.10)
)))
(/usr/share/texmf/tex/generic/pgf/systemlayer/pgfsyssoftpath.code.tex
File: pgfsyssoftpath.code.tex 2008/07/18  (rcs-revision 1.7)
\pgfsyssoftpath@smallbuffer@items=\count98
\pgfsyssoftpath@bigbuffer@items=\count99
)
(/usr/share/texmf/tex/generic/pgf/systemlayer/pgfsysprotocol.code.tex
File: pgfsysprotocol.code.tex 2006/10/16  (rcs-revision 1.4)
))
(/usr/share/texmf/tex/latex/xcolor/xcolor.sty
Package: xcolor 2007/01/21 v2.11 LaTeX color extensions (UK)

(/usr/local/share/texmf/tex/latex/graphics/color.cfg
File: color.cfg 2005/02/03 v1.3 color configuration of teTeX/TeXLive
)
Package xcolor Info: Driver file: pdftex.def on input line 225.
Package xcolor Info: Model `cmy' substituted by `cmy0' on input line 1337.
Package xcolor Info: Model `hsb' substituted by `rgb' on input line 1341.
Package xcolor Info: Model `RGB' extended on input line 1353.
Package xcolor Info: Model `HTML' substituted by `rgb' on input line 1355.
Package xcolor Info: Model `Hsb' substituted by `hsb' on input line 1356.
Package xcolor Info: Model `tHsb' substituted by `hsb' on input line 1357.
Package xcolor Info: Model `HSB' substituted by `hsb' on input line 1358.
Package xcolor Info: Model `Gray' substituted by `gray' on input line 1359.
Package xcolor Info: Model `wave' substituted by `hsb' on input line 1360.
)
(/usr/share/texmf/tex/generic/pgf/basiclayer/pgfcore.code.tex
Package: pgfcore 2010/04/11 v2.10 (rcs-revision 1.7)

(/usr/share/texmf/tex/generic/pgf/math/pgfmath.code.tex
(/usr/share/texmf/tex/generic/pgf/math/pgfmathcalc.code.tex
(/usr/share/texmf/tex/generic/pgf/math/pgfmathutil.code.tex)
(/usr/share/texmf/tex/generic/pgf/math/pgfmathparser.code.tex
\pgfmath@dimen=\dimen115
\pgfmath@count=\count100
\pgfmath@box=\box27
\pgfmath@toks=\toks19
\pgfmath@stack@operand=\toks20
\pgfmath@stack@operation=\toks21
)
(/usr/share/texmf/tex/generic/pgf/math/pgfmathfunctions.code.tex
(/usr/share/texmf/tex/generic/pgf/math/pgfmathfunctions.basic.code.tex)
(/usr/share/texmf/tex/generic/pgf/math/pgfmathfunctions.trigonometric.code.tex)
(/usr/share/texmf/tex/generic/pgf/math/pgfmathfunctions.random.code.tex)
(/usr/share/texmf/tex/generic/pgf/math/pgfmathfunctions.comparison.code.tex)
(/usr/share/texmf/tex/generic/pgf/math/pgfmathfunctions.base.code.tex)
(/usr/share/texmf/tex/generic/pgf/math/pgfmathfunctions.round.code.tex)
(/usr/share/texmf/tex/generic/pgf/math/pgfmathfunctions.misc.code.tex)))
(/usr/share/texmf/tex/generic/pgf/math/pgfmathfloat.code.tex
\c@pgfmathroundto@lastzeros=\count101
))
(/usr/share/texmf/tex/generic/pgf/basiclayer/pgfcorepoints.code.tex
File: pgfcorepoints.code.tex 2010/04/09  (rcs-revision 1.20)
\pgf@picminx=\dimen116
\pgf@picmaxx=\dimen117
\pgf@picminy=\dimen118
\pgf@picmaxy=\dimen119
\pgf@pathminx=\dimen120
\pgf@pathmaxx=\dimen121
\pgf@pathminy=\dimen122
\pgf@pathmaxy=\dimen123
\pgf@xx=\dimen124
\pgf@xy=\dimen125
\pgf@yx=\dimen126
\pgf@yy=\dimen127
\pgf@zx=\dimen128
\pgf@zy=\dimen129
)
(/usr/share/texmf/tex/generic/pgf/basiclayer/pgfcorepathconstruct.code.tex
File: pgfcorepathconstruct.code.tex 2010/08/03  (rcs-revision 1.24)
\pgf@path@lastx=\dimen130
\pgf@path@lasty=\dimen131
)
(/usr/share/texmf/tex/generic/pgf/basiclayer/pgfcorepathusage.code.tex
File: pgfcorepathusage.code.tex 2008/04/22  (rcs-revision 1.12)
\pgf@shorten@end@additional=\dimen132
\pgf@shorten@start@additional=\dimen133
)
(/usr/share/texmf/tex/generic/pgf/basiclayer/pgfcorescopes.code.tex
File: pgfcorescopes.code.tex 2010/09/08  (rcs-revision 1.34)
\pgfpic=\box28
\pgf@hbox=\box29
\pgf@layerbox@main=\box30
\pgf@picture@serial@count=\count102
)
(/usr/share/texmf/tex/generic/pgf/basiclayer/pgfcoregraphicstate.code.tex
File: pgfcoregraphicstate.code.tex 2008/04/22  (rcs-revision 1.9)
\pgflinewidth=\dimen134
)
(/usr/share/texmf/tex/generic/pgf/basiclayer/pgfcoretransformations.code.tex
File: pgfcoretransformations.code.tex 2009/06/10  (rcs-revision 1.11)
\pgf@pt@x=\dimen135
\pgf@pt@y=\dimen136
\pgf@pt@temp=\dimen137
)
(/usr/share/texmf/tex/generic/pgf/basiclayer/pgfcorequick.code.tex
File: pgfcorequick.code.tex 2008/10/09  (rcs-revision 1.3)
)
(/usr/share/texmf/tex/generic/pgf/basiclayer/pgfcoreobjects.code.tex
File: pgfcoreobjects.code.tex 2006/10/11  (rcs-revision 1.2)
)
(/usr/share/texmf/tex/generic/pgf/basiclayer/pgfcorepathprocessing.code.tex
File: pgfcorepathprocessing.code.tex 2008/10/09  (rcs-revision 1.8)
)
(/usr/share/texmf/tex/generic/pgf/basiclayer/pgfcorearrows.code.tex
File: pgfcorearrows.code.tex 2008/04/23  (rcs-revision 1.11)
)
(/usr/share/texmf/tex/generic/pgf/basiclayer/pgfcoreshade.code.tex
File: pgfcoreshade.code.tex 2008/11/23  (rcs-revision 1.13)
\pgf@max=\dimen138
\pgf@sys@shading@range@num=\count103
)
(/usr/share/texmf/tex/generic/pgf/basiclayer/pgfcoreimage.code.tex
File: pgfcoreimage.code.tex 2010/03/25  (rcs-revision 1.16)

(/usr/share/texmf/tex/generic/pgf/basiclayer/pgfcoreexternal.code.tex
File: pgfcoreexternal.code.tex 2010/09/01  (rcs-revision 1.17)
\pgfexternal@startupbox=\box31
))
(/usr/share/texmf/tex/generic/pgf/basiclayer/pgfcorelayers.code.tex
File: pgfcorelayers.code.tex 2010/08/27  (rcs-revision 1.2)
)
(/usr/share/texmf/tex/generic/pgf/basiclayer/pgfcoretransparency.code.tex
File: pgfcoretransparency.code.tex 2008/01/17  (rcs-revision 1.2)
)
(/usr/share/texmf/tex/generic/pgf/basiclayer/pgfcorepatterns.code.tex
File: pgfcorepatterns.code.tex 2009/07/02  (rcs-revision 1.3)
)))
(/usr/share/texmf/tex/generic/pgf/modules/pgfmoduleshapes.code.tex
File: pgfmoduleshapes.code.tex 2010/09/09  (rcs-revision 1.13)
\pgfnodeparttextbox=\box32
)
(/usr/share/texmf/tex/generic/pgf/modules/pgfmoduleplot.code.tex
File: pgfmoduleplot.code.tex 2010/10/22  (rcs-revision 1.8)
)
(/usr/share/texmf/tex/latex/pgf/compatibility/pgfcomp-version-0-65.sty
Package: pgfcomp-version-0-65 2007/07/03 v2.10 (rcs-revision 1.7)
\pgf@nodesepstart=\dimen139
\pgf@nodesepend=\dimen140
)
(/usr/share/texmf/tex/latex/pgf/compatibility/pgfcomp-version-1-18.sty
Package: pgfcomp-version-1-18 2007/07/23 v2.10 (rcs-revision 1.1)
))
(/usr/local/share/texmf/tex/latex/caption/caption.sty
Package: caption 2006/01/12 v3.0i Customising captions (AR)

(/usr/local/share/texmf/tex/latex/caption/caption3.sty
Package: caption3 2006/01/12 v3.0i caption3 kernel (AR)
\captionmargin=\dimen141
\captionmarginx=\dimen142
\captionwidth=\dimen143
\captionindent=\dimen144
\captionparindent=\dimen145
\captionhangindent=\dimen146
))
(/usr/local/share/texmf/tex/latex/multirow/multirow.sty
\bigstrutjot=\dimen147
)
(/usr/local/share/texmf/tex/latex/ulem/ulem.sty
\UL@box=\box33
\UL@hyphenbox=\box34
\UL@skip=\skip45
\UL@hook=\toks22
\UL@pe=\count104
\UL@pixel=\dimen148
\ULC@box=\box35
Package: ulem 2000/05/26
\ULdepth=\dimen149
) (./macros.tex)
(./latex_defs_ja.tex) (./formatted_references.tex)

LaTeX Warning: Unused global option(s):
    [11pt,letterpaper].

(./apra2014.aux)
\openout1 = `apra2014.aux'.

LaTeX Font Info:    Checking defaults for OML/cmm/m/it on input line 30.
LaTeX Font Info:    ... okay on input line 30.
LaTeX Font Info:    Checking defaults for T1/cmr/m/n on input line 30.
LaTeX Font Info:    ... okay on input line 30.
LaTeX Font Info:    Checking defaults for OT1/cmr/m/n on input line 30.
LaTeX Font Info:    ... okay on input line 30.
LaTeX Font Info:    Checking defaults for OMS/cmsy/m/n on input line 30.
LaTeX Font Info:    ... okay on input line 30.
LaTeX Font Info:    Checking defaults for OMX/cmex/m/n on input line 30.
LaTeX Font Info:    ... okay on input line 30.
LaTeX Font Info:    Checking defaults for U/cmr/m/n on input line 30.
LaTeX Font Info:    ... okay on input line 30.
 (/usr/local/share/texmf/tex/context/base/supp-pdf.tex
(/usr/local/share/texmf/tex/context/base/supp-mis.tex
loading : Context Support Macros / Miscellaneous (2004.10.26)
\protectiondepth=\count105
\scratchcounter=\count106
\scratchtoks=\toks23
\scratchdimen=\dimen150
\scratchskip=\skip46
\scratchmuskip=\muskip10
\scratchbox=\box36
\scratchread=\read2
\scratchwrite=\write4
\zeropoint=\dimen151
\onepoint=\dimen152
\onebasepoint=\dimen153
\minusone=\count107
\thousandpoint=\dimen154
\onerealpoint=\dimen155
\emptytoks=\toks24
\nextbox=\box37
\nextdepth=\dimen156
\everyline=\toks25
\!!counta=\count108
\!!countb=\count109
\recursecounter=\count110
)
loading : Context Support Macros / PDF (2004.03.26)
\nofMPsegments=\count111
\nofMParguments=\count112
\MPscratchCnt=\count113
\MPscratchDim=\dimen157
\MPnumerator=\count114
\everyMPtoPDFconversion=\toks26
) ABD: EveryShipout initializing macros
(/usr/local/share/texmf/tex/latex/ms/ragged2e.sty
Package: ragged2e 2003/03/25 v2.04 ragged2e Package (MS)

(/usr/local/share/texmf/tex/latex/ms/everysel.sty
Package: everysel 1999/06/08 v1.03 EverySelectfont Package (MS)
LaTeX Info: Redefining \selectfont on input line 125.
)
\CenteringLeftskip=\skip47
\RaggedLeftLeftskip=\skip48
\RaggedRightLeftskip=\skip49
\CenteringRightskip=\skip50
\RaggedLeftRightskip=\skip51
\RaggedRightRightskip=\skip52
\CenteringParfillskip=\skip53
\RaggedLeftParfillskip=\skip54
\RaggedRightParfillskip=\skip55
\JustifyingParfillskip=\skip56
\CenteringParindent=\skip57
\RaggedLeftParindent=\skip58
\RaggedRightParindent=\skip59
\JustifyingParindent=\skip60
) (./apra2014.toc
LaTeX Font Info:    External font `cmex10' loaded for size
(Font)              <10.95> on input line 4.
LaTeX Font Info:    External font `cmex10' loaded for size
(Font)              <8> on input line 4.
LaTeX Font Info:    External font `cmex10' loaded for size
(Font)              <6> on input line 4.
)
\tf@toc=\write5
\openout5 = `apra2014.toc'.

 [1

{/var/lib/texmf/fonts/map/pdftex/updmap/pdftex.map}] (./section_introduction.te
x
[1]
LaTeX Font Info:    Try loading font information for OMS+cmr on input line 155.

 (/usr/local/share/texmf/tex/latex/base/omscmr.fd
File: omscmr.fd 1999/05/25 v2.5h Standard LaTeX font definitions
)
LaTeX Font Info:    Font shape `OMS/cmr/m/n' in size <10.95> not available
(Font)              Font shape `OMS/cmsy/m/n' tried instead on input line 155.
LaTeX Font Info:    External font `cmex10' loaded for size
(Font)              <9> on input line 164.
LaTeX Font Info:    External font `cmex10' loaded for size
(Font)              <5> on input line 164.

<sensitivity_2012.pdf, id=22, 454.57831pt x 454.57831pt>
File: sensitivity_2012.pdf Graphic file (type pdf)

<use sensitivity_2012.pdf> <icaris_nei.pdf, id=23, 454.57831pt x 454.57831pt>
File: icaris_nei.pdf Graphic file (type pdf)

<use icaris_nei.pdf>
Overfull \hbox (5.93251pt too wide) in paragraph at lines 245--269
[][] 
 []

LaTeX Font Info:    External font `cmex10' loaded for size
(Font)              <7> on input line 269.
[2

]) (./section_science.tex

pdfTeX warning: pdflatex (file ./lefloch04_sf_history.pdf): PDF inclusion: foun
d PDF version <1.6>, but at most version <1.5> allowed
<lefloch04_sf_history.pdf, id=31, 365.24455pt x 267.40102pt>
File: lefloch04_sf_history.pdf Graphic file (type pdf)

<use lefloch04_sf_history.pdf>

pdfTeX warning: pdflatex (file ./lagache05_firb.pdf): PDF inclusion: found PDF 
version <1.6>, but at most version <1.5> allowed
<lagache05_firb.pdf, id=32, 458.44875pt x 329.15973pt>
File: lagache05_firb.pdf Graphic file (type pdf)

<use lagache05_firb.pdf>
Overfull \hbox (5.93251pt too wide) in paragraph at lines 24--43
[][] 
 []


Package natbib Warning: Author undefined for citation`lefloch04' 
(natbib)                on page 3 on input line 43.


Package natbib Warning: Author undefined for citation`lefloch04' 
(natbib)                on page 3 on input line 43.


LaTeX Warning: `h' float specifier changed to `ht'.


Package natbib Warning: Author undefined for citation`hopkins07' 
(natbib)                on page 3 on input line 62.


Package natbib Warning: Author undefined for citation`goldader02' 
(natbib)                on page 3 on input line 66.

[3 <./sensitivity_2012.pdf> <./icaris_nei.pdf

pdfTeX warning: pdflatex (file ./icaris_nei.pdf): PDF inclusion: multiple pdfs 
with page group included in a single page
>]

Package natbib Warning: Author undefined for citation`lefloch05' 
(natbib)                on page 4 on input line 88.


Package natbib Warning: Citation `bethermin12' on page 4 undefined on input lin
e 90.

[4 <./lefloch04_sf_history.pdf> <./lagache05_firb.pdf>]

Package natbib Warning: Author undefined for citation`stacey10' 
(natbib)                on page 5 on input line 168.


Package natbib Warning: Author undefined for citation`hailey-dunsheath10' 
(natbib)                on page 5 on input line 170.


Package natbib Warning: Author undefined for citation`gracia-carpio11' 
(natbib)                on page 5 on input line 230.


Package natbib Warning: Author undefined for citation`stacey10' 
(natbib)                on page 5 on input line 238.

[5]

Package natbib Warning: Author undefined for citation`gracia-carpio11' 
(natbib)                on page 6 on input line 257.



pdfTeX warning: pdflatex (file ./gracia-carpio11_fig1.pdf): PDF inclusion: foun
d PDF version <1.6>, but at most version <1.5> allowed
<gracia-carpio11_fig1.pdf, id=129, 411.38583pt x 172.89291pt>
File: gracia-carpio11_fig1.pdf Graphic file (type pdf)

<use gracia-carpio11_fig1.pdf>

Package natbib Warning: Author undefined for citation`gracia-carpio11' 
(natbib)                on page 6 on input line 309.


Package natbib Warning: Author undefined for citation`gracia-carpio11' 
(natbib)                on page 6 on input line 309.


Overfull \hbox (5.93253pt too wide) in paragraph at lines 299--318
[][] 
 []

<simgal_z060.pdf, id=130, 505.89pt x 361.35pt>
File: simgal_z060.pdf Graphic file (type pdf)
 <use simgal_z060.pdf>
<simgal_z100.pdf, id=131, 505.89pt x 361.35pt>
File: simgal_z100.pdf Graphic file (type pdf)
 <use simgal_z100.pdf>
<simgal_z148.pdf, id=132, 505.89pt x 361.35pt>
File: simgal_z148.pdf Graphic file (type pdf)
 <use simgal_z148.pdf>
Overfull \hbox (5.93251pt too wide) in paragraph at lines 358--381
[][] 
 []


LaTeX Warning: `h' float specifier changed to `ht'.


<valtchanov11_sdp81_spire_fts_spectrum.pdf, id=133, 230.34656pt x 170.64552pt>
File: valtchanov11_sdp81_spire_fts_spectrum.pdf Graphic file (type pdf)

<use valtchanov11_sdp81_spire_fts_spectrum.pdf>
<simgal_z300.pdf, id=134, 505.89pt x 361.35pt>
File: simgal_z300.pdf Graphic file (type pdf)
 <use simgal_z300.pdf>
Overfull \hbox (5.93251pt too wide) in paragraph at lines 386--398
[][] 
 []


Package natbib Warning: Author undefined for citation`valtchanov11' 
(natbib)                on page 6 on input line 398.


Package natbib Warning: Author undefined for citation`valtchanov11' 
(natbib)                on page 6 on input line 398.


LaTeX Warning: `h' float specifier changed to `ht'.

[6 <./gracia-carpio11_fig1.pdf>] [7 <./simgal_z060.pdf> <./simgal_z100.pdf> <./
simgal_z148.pdf> <./valtchanov11_sdp81_spire_fts_spectrum.pdf> <./simgal_z300.p
df>]

Package natbib Warning: Author undefined for citation`bowman09' 
(natbib)                on page 8 on input line 451.


Package natbib Warning: Author undefined for citation`morales05' 
(natbib)                on page 8 on input line 462.

<pcii_z63.pdf, id=252, 505.89pt x 361.35pt>
File: pcii_z63.pdf Graphic file (type pdf)
 <use pcii_z63.pdf>
<pcii_z116.pdf, id=253, 505.89pt x 361.35pt>
File: pcii_z116.pdf Graphic file (type pdf)
 <use pcii_z116.pdf>
<pcii_z88.pdf, id=254, 505.89pt x 361.35pt>
File: pcii_z88.pdf Graphic file (type pdf)
 <use pcii_z88.pdf>
<pcii_z148.pdf, id=255, 505.89pt x 361.35pt>
File: pcii_z148.pdf Graphic file (type pdf)
 <use pcii_z148.pdf>
Overfull \hbox (5.93251pt too wide) in paragraph at lines 563--587
[][] 
 []


LaTeX Warning: `h' float specifier changed to `ht'.

) (./section_instrument.tex [8]

LaTeX Warning: Reference `sec:Detectors' on page 9 undefined on input line 52.

[9 <./pcii_z63.pdf> <./pcii_z116.pdf> <./pcii_z88.pdf> <./pcii_z148.pdf>]

pdfTeX warning: pdflatex (file ./slit_mapping.pdf): PDF inclusion: found PDF ve
rsion <1.6>, but at most version <1.5> allowed
<slit_mapping.pdf, id=284, 491.13348pt x 156.89717pt>
File: slit_mapping.pdf Graphic file (type pdf)
 <use slit_mapping.pdf>

Package natbib Warning: Author undefined for citation`looney03apj' 
(natbib)                on page 10 on input line 156.


Package natbib Warning: Author undefined for citation`looney03apj' 
(natbib)                on page 10 on input line 156.

<image_slicer_adapted.pdf, id=285, 451.69623pt x 523.79369pt>
File: image_slicer_adapted.pdf Graphic file (type pdf)

<use image_slicer_adapted.pdf>
Overfull \hbox (5.93251pt too wide) in paragraph at lines 153--167
[][]
 []

<starfire_spectrometer.pdf, id=286, 613.52902pt x 203.28748pt>
File: starfire_spectrometer.pdf Graphic file (type pdf)

<use starfire_spectrometer.pdf> [10] [11 <./slit_mapping.pdf> <./image_slicer_a
dapted.pdf> <./starfire_spectrometer.pdf

pdfTeX warning: pdflatex (file ./starfire_spectrometer.pdf): PDF inclusion: mul
tiple pdfs with page group included in a single page
>] <mako_newarray.pdf, id=378, 1939.245pt x 1884.03876pt>
File: mako_newarray.pdf Graphic file (type pdf)

<use mako_newarray.pdf> <icaris_nep.pdf, id=380, 597.23125pt x 426.59375pt>
File: icaris_nep.pdf Graphic file (type pdf)

<use icaris_nep.pdf> <mako_new_ledit.pdf, id=382, 1585.925pt x 749.80125pt>
File: mako_new_ledit.pdf Graphic file (type pdf)

<use mako_new_ledit.pdf> [12] [13 <./mako_newarray.pdf> <./icaris_nep.pdf> <./m
ako_new_ledit.pdf>] [14]

Package natbib Warning: Citation `2005ApJS..160...59S' on page 15 undefined on 
input line 291.

<ICarIS_gondola.pdf, id=420, 206.64302pt x 363.11058pt>
File: ICarIS_gondola.pdf Graphic file (type pdf)

<use ICarIS_gondola.pdf> <secondary.pdf, id=421, 1157.32375pt x 819.06pt>
File: secondary.pdf Graphic file (type pdf)

<use secondary.pdf>
Overfull \hbox (5.93253pt too wide) in paragraph at lines 297--324
[][] 
 []

[15] [16 <./ICarIS_gondola.pdf, page is rotated 90 degrees> <./secondary.pdf>])
(./section_flight_planning.tex [17]

Package natbib Warning: Citation `2010ApJ...722..668N' on page 18 undefined on 
input line 89.


Package natbib Warning: Citation `2011ApJ...731...83K' on page 18 undefined on 
input line 89.

) (./section_schedule_summary.tex [18]) (./summary_table.tex) [19] [20]
(./apra2014.bbl [21

] [22] [23] [24] [25]) (./bio_sketch.tex [26] [1]
Overfull \hbox (5.30247pt too wide) in paragraph at lines 121--125
[]\OT1/cmr/m/n/10.95 M. Lima, B. Jain, M. De-vlin, and J. \OT1/cmr/bx/n/10.95 A
guirre\OT1/cmr/m/n/10.95 .  |   []   |   []   |   []   |   []   |   []   |   []

 []


Overfull \hbox (3.46095pt too wide) in paragraph at lines 129--130
[]\OT1/cmr/m/n/10.95 A. Par-sons, M. Mc-Quinn, D. Ja-cobs, J. \OT1/cmr/bx/n/10.
95 Aguirre\OT1/cmr/m/n/10.95 , and J. Pober.  |   []   |   []   |   []   |   []
   |   []   |   []
 []

) [2] (./section_budget_justification.tex [3] [4]) [5]
(./section_people_commitments.tex [6]) (./section_facil.tex
Underfull \hbox (badness 10000) in paragraph at lines 9--15

 []


Underfull \hbox (badness 10000) in paragraph at lines 16--25

 []


Underfull \hbox (badness 10000) in paragraph at lines 26--31

 []

[7]

Package natbib Warning: There were undefined citations.

[8] (./apra2014.aux)

LaTeX Warning: There were undefined references.

 ) ) 
Here is how much of TeX's memory you used:
 8766 strings out of 495075
 155706 string characters out of 3182439
 220420 words of memory out of 3000000
 11701 multiletter control sequences out of 15000+200000
 12634 words of font info for 44 fonts, out of 3000000 for 9000
 17 hyphenation exceptions out of 8191
 49i,15n,53p,2210b,437s stack positions out of 5000i,500n,10000p,200000b,50000s
</usr/local/share/texmf/fonts/type1/bluesky/cm/cmbx10.pfb></usr/local/share
/texmf/fonts/type1/bluesky/cm/cmbx12.pfb></usr/local/share/texmf/fonts/type1/bl
uesky/cm/cmbx8.pfb></usr/local/share/texmf/fonts/type1/bluesky/cm/cmcsc10.pfb><
/usr/local/share/texmf/fonts/type1/bluesky/cm/cmex10.pfb></usr/local/share/texm
f/fonts/type1/bluesky/cm/cmmi10.pfb></usr/local/share/texmf/fonts/type1/bluesky
/cm/cmmi6.pfb></usr/local/share/texmf/fonts/type1/bluesky/cm/cmmi7.pfb></usr/lo
cal/share/texmf/fonts/type1/bluesky/cm/cmmi8.pfb></usr/local/share/texmf/fonts/
type1/bluesky/cm/cmmi9.pfb></usr/local/share/texmf/fonts/type1/bluesky/cm/cmr10
.pfb></usr/local/share/texmf/fonts/type1/bluesky/cm/cmr5.pfb></usr/local/share/
texmf/fonts/type1/bluesky/cm/cmr6.pfb></usr/local/share/texmf/fonts/type1/blues
ky/cm/cmr7.pfb></usr/local/share/texmf/fonts/type1/bluesky/cm/cmr8.pfb></usr/lo
cal/share/texmf/fonts/type1/bluesky/cm/cmr9.pfb></usr/local/share/texmf/fonts/t
ype1/bluesky/cm/cmsl10.pfb></usr/local/share/texmf/fonts/type1/bluesky/cm/cmsy1
0.pfb></usr/local/share/texmf/fonts/type1/bluesky/cm/cmsy5.pfb></usr/local/shar
e/texmf/fonts/type1/bluesky/cm/cmsy6.pfb></usr/local/share/texmf/fonts/type1/bl
uesky/cm/cmsy7.pfb></usr/local/share/texmf/fonts/type1/bluesky/cm/cmsy8.pfb></u
sr/local/share/texmf/fonts/type1/bluesky/cm/cmsy9.pfb></usr/local/share/texmf/f
onts/type1/bluesky/cm/cmti10.pfb></usr/local/share/texmf/fonts/type1/bluesky/cm
/cmti8.pfb></usr/local/share/texmf/fonts/type1/bluesky/cm/cmti9.pfb></usr/local
/share/texmf/fonts/type1/bluesky/cm/cmtt9.pfb></usr/local/share/texmf/fonts/typ
e1/bluesky/euler/eurm10.pfb></usr/local/share/texmf/fonts/type1/bluesky/symbols
/msam10.pfb>
Output written on apra2014.pdf (35 pages, 8749301 bytes).
PDF statistics:
 556 PDF objects out of 1000 (max. 8388607)
 379 compressed objects within 4 object streams
 0 named destinations out of 1000 (max. 500000)
 141 words of extra memory for PDF output out of 10000 (max. 10000000)

